Using pre-set license
Built from '2021.1/release' branch; Version is '2021.1.4f1 (4cd64a618c1b) revision 5035594'; Using compiler version '192528614'; Build Type 'Release'
OS: 'Windows 10 Home; OS build 19041.928; Version 2004; 64bit' Language: 'pt' Physical Memory: 16283 MB
BatchMode: 1, IsHumanControllingUs: 0, StartBugReporterOnCrash: 0, Is64bit: 1, IsPro: 0

 COMMAND LINE ARGUMENTS:
C:\Program Files\Unity\Hub\Editor\2021.1.4f1\Editor\Unity.exe
-adb2
-batchMode
-noUpm
-name
AssetImportWorker0
-projectPath
D:/Projetos/AndorinhaEsporte
-logFile
Logs/AssetImportWorker0.log
-srvPort
58427
Successfully changed project path to: D:/Projetos/AndorinhaEsporte
D:/Projetos/AndorinhaEsporte
Using Asset Import Pipeline V2.
Refreshing native plugins compatible for Editor in 54.45 ms, found 0 plugins.
Preloading 0 native plugins for Editor in 0.00 ms.
Initialize engine version: 2021.1.4f1 (4cd64a618c1b)
[Subsystems] Discovering subsystems at path C:/Program Files/Unity/Hub/Editor/2021.1.4f1/Editor/Data/Resources/UnitySubsystems
[Subsystems] Discovering subsystems at path D:/Projetos/AndorinhaEsporte/Assets
GfxDevice: creating device client; threaded=0; jobified=0
Direct3D:
    Version:  Direct3D 11.0 [level 11.1]
    Renderer: Radeon(TM) RX 460 Graphics (ID=0x67ef)
    Vendor:   ATI
    VRAM:     2027 MB
    Driver:   27.20.1034.6
Shader 'Universal Render Pipeline/Particles/Lit': fallback shader 'Universal Render Pipeline/Particles/SimpleLit' not found
Initialize mono
Mono path[0] = 'C:/Program Files/Unity/Hub/Editor/2021.1.4f1/Editor/Data/Managed'
Mono path[1] = 'C:/Program Files/Unity/Hub/Editor/2021.1.4f1/Editor/Data/MonoBleedingEdge/lib/mono/unityjit'
Mono config path = 'C:/Program Files/Unity/Hub/Editor/2021.1.4f1/Editor/Data/MonoBleedingEdge/etc'
Using monoOptions --debugger-agent=transport=dt_socket,embedding=1,server=y,suspend=n,address=127.0.0.1:56976
Begin MonoManager ReloadAssembly
Registering precompiled unity dll's ...
Register platform support module: C:/Program Files/Unity/Hub/Editor/2021.1.4f1/Editor/Data/PlaybackEngines/WindowsStandaloneSupport/UnityEditor.WindowsStandalone.Extensions.dll
Registered in 0.002354 seconds.
Native extension for WindowsStandalone target not found
Refreshing native plugins compatible for Editor in 57.33 ms, found 0 plugins.
Preloading 0 native plugins for Editor in 0.00 ms.
Mono: successfully reloaded assembly
- Completed reload, in  1.450 seconds
Platform modules already initialized, skipping
Registering precompiled user dll's ...
Registered in 0.001177 seconds.
Begin MonoManager ReloadAssembly
Symbol file LoadedFromMemory is not a mono symbol file
Multiple scripted importers are targeting the extension 'uxml' and have all been rejected: UnityEditor.UIElements.UIElementsViewImporter (assembly: C:\Program Files\Unity\Hub\Editor\2021.1.4f1\Editor\Data\Managed\UnityEngine\UnityEditor.UIElementsModule.dll), UnityEditor.UIElements.UIElementsViewImporter (assembly: C:\Program Files\Unity\Hub\Editor\2021.1.4f1\Editor\Data\Managed\UnityEngine\UnityEditor.UIElementsModule.dll) 
UnityEngine.StackTraceUtility:ExtractStackTrace ()
UnityEngine.DebugLogHandler:LogFormat (UnityEngine.LogType,UnityEngine.Object,string,object[])
UnityEngine.Logger:Log (UnityEngine.LogType,object)
UnityEngine.Debug:LogError (object)
UnityEditor.AssetImporters.ScriptedImporter:RegisterScriptedImporters ()

Multiple scripted importers are targeting the extension 'uss' and have all been rejected: UnityEditor.UIElements.StyleSheets.StyleSheetImporter (assembly: C:\Program Files\Unity\Hub\Editor\2021.1.4f1\Editor\Data\Managed\UnityEngine\UnityEditor.UIElementsModule.dll), UnityEditor.UIElements.StyleSheets.StyleSheetImporter (assembly: C:\Program Files\Unity\Hub\Editor\2021.1.4f1\Editor\Data\Managed\UnityEngine\UnityEditor.UIElementsModule.dll) 
UnityEngine.StackTraceUtility:ExtractStackTrace ()
UnityEngine.DebugLogHandler:LogFormat (UnityEngine.LogType,UnityEngine.Object,string,object[])
UnityEngine.Logger:Log (UnityEngine.LogType,object)
UnityEngine.Debug:LogError (object)
UnityEditor.AssetImporters.ScriptedImporter:RegisterScriptedImporters ()

Multiple scripted importers are targeting the extension 'tss' and have all been rejected: UnityEditor.UIElements.StyleSheets.ThemeStyleSheetImporter (assembly: C:\Program Files\Unity\Hub\Editor\2021.1.4f1\Editor\Data\Managed\UnityEngine\UnityEditor.UIElementsModule.dll), UnityEditor.UIElements.StyleSheets.ThemeStyleSheetImporter (assembly: C:\Program Files\Unity\Hub\Editor\2021.1.4f1\Editor\Data\Managed\UnityEngine\UnityEditor.UIElementsModule.dll) 
UnityEngine.StackTraceUtility:ExtractStackTrace ()
UnityEngine.DebugLogHandler:LogFormat (UnityEngine.LogType,UnityEngine.Object,string,object[])
UnityEngine.Logger:Log (UnityEngine.LogType,object)
UnityEngine.Debug:LogError (object)
UnityEditor.AssetImporters.ScriptedImporter:RegisterScriptedImporters ()

ArgumentException: An item with the same key has already been added. Key: UnityEditor.UIElements.EditorAtlasMonitorInjector
Parameter name: key
  at System.Collections.Generic.SortedList`2[TKey,TValue].Add (TKey key, TValue value) [0x00041] in <480201908ed94ddaa0561e2e6e0ddd4e>:0 
  at UnityEditor.AssetPostprocessingInternal.GetTextureProcessorsHashString () [0x000ae] in <cbc56ce48ec645d2beabdfed6b9ae8ee>:0 
UnityEngine.DebugLogHandler:Internal_LogException(Exception, Object)
UnityEngine.DebugLogHandler:LogException(Exception, Object)
UnityEngine.Logger:LogException(Exception, Object)
UnityEngine.Debug:LogException(Exception)
UnityEditor.AssetPostprocessingInternal:GetTextureProcessorsHashString()

Native extension for WindowsStandalone target not found
Refreshing native plugins compatible for Editor in 57.93 ms, found 0 plugins.
Preloading 0 native plugins for Editor in 0.00 ms.
ASSEMBLY OVERRIDES: * override found for Unity assembly UnityEngine.UIElementsModule.dll (override path Library/ScriptAssemblies/UnityEngine.UIElementsModule.dll)
ASSEMBLY OVERRIDES: * override found for Unity assembly UnityEditor.UIElementsModule.dll (override path Library/ScriptAssemblies/UnityEditor.UIElementsModule.dll)
FieldAccessException: Field `UnityEngine.UIElements.TextDelegates:ImportDefaultTextSettings' is inaccessible from method `UnityEditor.UIElements.Text.TextDelegates:InitializeDelegates ()'


FieldAccessException: Field `UnityEngine.UIElements.TextHandleFactory:CreateEditorHandle' is inaccessible from method `UnityEngine.UIElements.Text.TextCoreHandle:InjectTextCoreHandle ()'


FieldAccessException: Field `UnityEngine.UIElements.TextDelegates:GetFont' is inaccessible from method `UnityEngine.UIElements.Text.TextDelegates:InitializeDelegates ()'
  at UnityEngine.UIElements.Text.TextDelegates.EditorInitialization () [0x00000] in D:\Projetos\AndorinhaEsporte\Library\PackageCache\com.unity.ui@1.0.0-preview.14\Text\Delegates\TextDelegates.cs:38 

(Filename: Library/PackageCache/com.unity.ui@1.0.0-preview.14/Text/Delegates/TextDelegates.cs Line: 38)

UnityException: The MakeClientFunc has already been registered. Registration denied.
  at UnityEngine.UIElements.DragAndDropUtility.RegisterMakeClientFunc (System.Func`1[TResult] makeClient) [0x00017] in <6aef74cd6e9c4a708ea4a51c97de39d4>:0 
  at UnityEditor.UIElements.EditorDragAndDrop.RegisterEditorClient () [0x0000a] in <c23044a1d79146ae9e09271e58031064>:0 

UnityException: The MakeDropdownFunc has already been registered. Registration denied.
  at UnityEngine.UIElements.DropdownUtility.RegisterMakeDropdownFunc (System.Func`1[TResult] makeClient) [0x00017] in <6aef74cd6e9c4a708ea4a51c97de39d4>:0 
  at UnityEditor.UIElements.EditorMenuExtensions.RegisterEditorDropdown () [0x0000a] in <c23044a1d79146ae9e09271e58031064>:0 

ASSEMBLY OVERRIDES: * override found for Unity assembly UnityEngine.UIElementsModule.dll (override path Library/ScriptAssemblies/UnityEngine.UIElementsModule.dll)
ASSEMBLY OVERRIDES: * override found for Unity assembly UnityEditor.UIElementsModule.dll (override path Library/ScriptAssemblies/UnityEditor.UIElementsModule.dll)
Mono: successfully reloaded assembly
- Completed reload, in  1.411 seconds
Platform modules already initialized, skipping
========================================================================
Worker process is ready to serve import requests
Shader 'Universal Render Pipeline/Particles/Lit': fallback shader 'Universal Render Pipeline/Particles/SimpleLit' not found
Launched and connected shader compiler UnityShaderCompiler.exe after 0.07 seconds
Refreshing native plugins compatible for Editor in 0.63 ms, found 0 plugins.
Preloading 0 native plugins for Editor in 0.00 ms.
Unloading 3247 Unused Serialized files (Serialized files now loaded: 0)
System memory in use before: 142.2 MB.
System memory in use after: 142.4 MB.

Unloading 12 unused Assets to reduce memory usage. Loaded Objects now: 3711.
Total: 2.874100 ms (FindLiveObjects: 0.274800 ms CreateObjectMapping: 0.148900 ms MarkObjects: 2.362800 ms  DeleteObjects: 0.086400 ms)

========================================================================
Received Import Request.
  path: Assets/Models/volleyball.blend
  artifactKey: Guid(3a66f1eed37994945b67ebc77055980c) Importer(815301076,1909f56bfc062723c751e8b465ee728b)
Start importing Assets/Models/volleyball.blend using Guid(3a66f1eed37994945b67ebc77055980c) Importer(815301076,1909f56bfc062723c751e8b465ee728b)  -> (artifact id: 'd1fec317415557b6f8e1a930109963f1') in 0.434524 seconds 
========================================================================
Received Prepare
Switching render pipeline 00000000000000000000000000000000 -> 394a4827dfa08024b9032cdfd08adb9e
Shader 'Universal Render Pipeline/Particles/Lit': fallback shader 'Universal Render Pipeline/Particles/SimpleLit' not found
Refreshing native plugins compatible for Editor in 1.08 ms, found 0 plugins.
Preloading 0 native plugins for Editor in 0.00 ms.
Unloading 6 Unused Serialized files (Serialized files now loaded: 0)
System memory in use before: 76.8 MB.
System memory in use after: 77.1 MB.

Unloading 3 unused Assets to reduce memory usage. Loaded Objects now: 3757.
Total: 2.792500 ms (FindLiveObjects: 0.252900 ms CreateObjectMapping: 0.136100 ms MarkObjects: 2.372600 ms  DeleteObjects: 0.030100 ms)

========================================================================
Received Prepare
Registering precompiled user dll's ...
Registered in 0.001543 seconds.
ASSEMBLY OVERRIDES: * override found for Unity assembly UnityEngine.UIElementsModule.dll (override path Library/ScriptAssemblies/UnityEngine.UIElementsModule.dll)
ASSEMBLY OVERRIDES: * override found for Unity assembly UnityEditor.UIElementsModule.dll (override path Library/ScriptAssemblies/UnityEditor.UIElementsModule.dll)
Begin MonoManager ReloadAssembly
Symbol file LoadedFromMemory is not a mono symbol file
Multiple scripted importers are targeting the extension 'uxml' and have all been rejected: UnityEditor.UIElements.UIElementsViewImporter (assembly: C:\Program Files\Unity\Hub\Editor\2021.1.4f1\Editor\Data\Managed\UnityEngine\UnityEditor.UIElementsModule.dll), UnityEditor.UIElements.UIElementsViewImporter (assembly: C:\Program Files\Unity\Hub\Editor\2021.1.4f1\Editor\Data\Managed\UnityEngine\UnityEditor.UIElementsModule.dll) 
UnityEngine.StackTraceUtility:ExtractStackTrace ()
UnityEngine.DebugLogHandler:LogFormat (UnityEngine.LogType,UnityEngine.Object,string,object[])
UnityEngine.Logger:Log (UnityEngine.LogType,object)
UnityEngine.Debug:LogError (object)
UnityEditor.AssetImporters.ScriptedImporter:RegisterScriptedImporters ()

Multiple scripted importers are targeting the extension 'uss' and have all been rejected: UnityEditor.UIElements.StyleSheets.StyleSheetImporter (assembly: C:\Program Files\Unity\Hub\Editor\2021.1.4f1\Editor\Data\Managed\UnityEngine\UnityEditor.UIElementsModule.dll), UnityEditor.UIElements.StyleSheets.StyleSheetImporter (assembly: C:\Program Files\Unity\Hub\Editor\2021.1.4f1\Editor\Data\Managed\UnityEngine\UnityEditor.UIElementsModule.dll) 
UnityEngine.StackTraceUtility:ExtractStackTrace ()
UnityEngine.DebugLogHandler:LogFormat (UnityEngine.LogType,UnityEngine.Object,string,object[])
UnityEngine.Logger:Log (UnityEngine.LogType,object)
UnityEngine.Debug:LogError (object)
UnityEditor.AssetImporters.ScriptedImporter:RegisterScriptedImporters ()

Multiple scripted importers are targeting the extension 'tss' and have all been rejected: UnityEditor.UIElements.StyleSheets.ThemeStyleSheetImporter (assembly: C:\Program Files\Unity\Hub\Editor\2021.1.4f1\Editor\Data\Managed\UnityEngine\UnityEditor.UIElementsModule.dll), UnityEditor.UIElements.StyleSheets.ThemeStyleSheetImporter (assembly: C:\Program Files\Unity\Hub\Editor\2021.1.4f1\Editor\Data\Managed\UnityEngine\UnityEditor.UIElementsModule.dll) 
UnityEngine.StackTraceUtility:ExtractStackTrace ()
UnityEngine.DebugLogHandler:LogFormat (UnityEngine.LogType,UnityEngine.Object,string,object[])
UnityEngine.Logger:Log (UnityEngine.LogType,object)
UnityEngine.Debug:LogError (object)
UnityEditor.AssetImporters.ScriptedImporter:RegisterScriptedImporters ()

Native extension for WindowsStandalone target not found
Refreshing native plugins compatible for Editor in 0.57 ms, found 0 plugins.
Preloading 0 native plugins for Editor in 0.00 ms.
ASSEMBLY OVERRIDES: * override found for Unity assembly UnityEngine.UIElementsModule.dll (override path Library/ScriptAssemblies/UnityEngine.UIElementsModule.dll)
ASSEMBLY OVERRIDES: * override found for Unity assembly UnityEditor.UIElementsModule.dll (override path Library/ScriptAssemblies/UnityEditor.UIElementsModule.dll)
FieldAccessException: Field `UnityEngine.UIElements.TextDelegates:ImportDefaultTextSettings' is inaccessible from method `UnityEditor.UIElements.Text.TextDelegates:InitializeDelegates ()'


FieldAccessException: Field `UnityEngine.UIElements.TextHandleFactory:CreateEditorHandle' is inaccessible from method `UnityEngine.UIElements.Text.TextCoreHandle:InjectTextCoreHandle ()'


FieldAccessException: Field `UnityEngine.UIElements.TextDelegates:GetFont' is inaccessible from method `UnityEngine.UIElements.Text.TextDelegates:InitializeDelegates ()'
  at UnityEngine.UIElements.Text.TextDelegates.EditorInitialization () [0x00000] in D:\Projetos\AndorinhaEsporte\Library\PackageCache\com.unity.ui@1.0.0-preview.14\Text\Delegates\TextDelegates.cs:38 

(Filename: Library/PackageCache/com.unity.ui@1.0.0-preview.14/Text/Delegates/TextDelegates.cs Line: 38)

UnityException: The MakeClientFunc has already been registered. Registration denied.
  at UnityEngine.UIElements.DragAndDropUtility.RegisterMakeClientFunc (System.Func`1[TResult] makeClient) [0x00017] in <6aef74cd6e9c4a708ea4a51c97de39d4>:0 
  at UnityEditor.UIElements.EditorDragAndDrop.RegisterEditorClient () [0x0000a] in <c23044a1d79146ae9e09271e58031064>:0 

UnityException: The MakeDropdownFunc has already been registered. Registration denied.
  at UnityEngine.UIElements.DropdownUtility.RegisterMakeDropdownFunc (System.Func`1[TResult] makeClient) [0x00017] in <6aef74cd6e9c4a708ea4a51c97de39d4>:0 
  at UnityEditor.UIElements.EditorMenuExtensions.RegisterEditorDropdown () [0x0000a] in <c23044a1d79146ae9e09271e58031064>:0 

ASSEMBLY OVERRIDES: * override found for Unity assembly UnityEngine.UIElementsModule.dll (override path Library/ScriptAssemblies/UnityEngine.UIElementsModule.dll)
ASSEMBLY OVERRIDES: * override found for Unity assembly UnityEditor.UIElementsModule.dll (override path Library/ScriptAssemblies/UnityEditor.UIElementsModule.dll)
Mono: successfully reloaded assembly
ArgumentException: An item with the same key has already been added. Key: UnityEditor.UIElements.EditorAtlasMonitorInjector
Parameter name: key
  at System.Collections.Generic.SortedList`2[TKey,TValue].Add (TKey key, TValue value) [0x00041] in <480201908ed94ddaa0561e2e6e0ddd4e>:0 
  at UnityEditor.AssetPostprocessingInternal.GetTextureProcessorsHashString () [0x000ae] in <cbc56ce48ec645d2beabdfed6b9ae8ee>:0 
UnityEngine.DebugLogHandler:Internal_LogException(Exception, Object)
UnityEngine.DebugLogHandler:LogException(Exception, Object)
UnityEngine.Logger:LogException(Exception, Object)
UnityEngine.Debug:LogException(Exception)
UnityEditor.AssetPostprocessingInternal:GetTextureProcessorsHashString()

- Completed reload, in  1.057 seconds
Platform modules already initialized, skipping
Shader 'Universal Render Pipeline/Particles/Lit': fallback shader 'Universal Render Pipeline/Particles/SimpleLit' not found
Refreshing native plugins compatible for Editor in 0.72 ms, found 0 plugins.
Preloading 0 native plugins for Editor in 0.00 ms.
Unloading 3175 Unused Serialized files (Serialized files now loaded: 0)
System memory in use before: 139.7 MB.
System memory in use after: 140.0 MB.

Unloading 6 unused Assets to reduce memory usage. Loaded Objects now: 3760.
Total: 3.006700 ms (FindLiveObjects: 0.303600 ms CreateObjectMapping: 0.184000 ms MarkObjects: 2.468400 ms  DeleteObjects: 0.049700 ms)

========================================================================
Received Import Request.
  Time since last request: 54.740007 seconds.
  path: Assets/Models/dummy.blend
  artifactKey: Guid(70adf359a60dc2a418d0ae6746d51441) Importer(815301076,1909f56bfc062723c751e8b465ee728b)
Start importing Assets/Models/dummy.blend using Guid(70adf359a60dc2a418d0ae6746d51441) Importer(815301076,1909f56bfc062723c751e8b465ee728b)  -> (artifact id: 'e3dd3f719fa488329a039b145aabfaba') in 0.367769 seconds 
========================================================================
Received Import Request.
  Time since last request: 28.254528 seconds.
  path: Assets/Prefabs/Player.prefab
  artifactKey: Guid(2a9dda07719ea2e4bb9a769755deae62) Importer(815301076,1909f56bfc062723c751e8b465ee728b)
Start importing Assets/Prefabs/Player.prefab using Guid(2a9dda07719ea2e4bb9a769755deae62) Importer(815301076,1909f56bfc062723c751e8b465ee728b)  -> (artifact id: '9c824b50eaa50f893d90e6d28a19ea23') in 0.124655 seconds 
========================================================================
Received Import Request.
  Time since last request: 17.340767 seconds.
  path: Assets/Materials
  artifactKey: Guid(39f4750a8b3f03e4792115358b71a287) Importer(815301076,1909f56bfc062723c751e8b465ee728b)
Start importing Assets/Materials using Guid(39f4750a8b3f03e4792115358b71a287) Importer(815301076,1909f56bfc062723c751e8b465ee728b)  -> (artifact id: 'cc016bd3cd28930ea9fe048493d46b9f') in 0.005988 seconds 
========================================================================
Received Prepare
Registering precompiled user dll's ...
Registered in 0.001261 seconds.
ASSEMBLY OVERRIDES: * override found for Unity assembly UnityEngine.UIElementsModule.dll (override path Library/ScriptAssemblies/UnityEngine.UIElementsModule.dll)
ASSEMBLY OVERRIDES: * override found for Unity assembly UnityEditor.UIElementsModule.dll (override path Library/ScriptAssemblies/UnityEditor.UIElementsModule.dll)
Begin MonoManager ReloadAssembly
Symbol file LoadedFromMemory is not a mono symbol file
Multiple scripted importers are targeting the extension 'uxml' and have all been rejected: UnityEditor.UIElements.UIElementsViewImporter (assembly: C:\Program Files\Unity\Hub\Editor\2021.1.4f1\Editor\Data\Managed\UnityEngine\UnityEditor.UIElementsModule.dll), UnityEditor.UIElements.UIElementsViewImporter (assembly: C:\Program Files\Unity\Hub\Editor\2021.1.4f1\Editor\Data\Managed\UnityEngine\UnityEditor.UIElementsModule.dll) 
UnityEngine.StackTraceUtility:ExtractStackTrace ()
UnityEngine.DebugLogHandler:LogFormat (UnityEngine.LogType,UnityEngine.Object,string,object[])
UnityEngine.Logger:Log (UnityEngine.LogType,object)
UnityEngine.Debug:LogError (object)
UnityEditor.AssetImporters.ScriptedImporter:RegisterScriptedImporters ()

Multiple scripted importers are targeting the extension 'uss' and have all been rejected: UnityEditor.UIElements.StyleSheets.StyleSheetImporter (assembly: C:\Program Files\Unity\Hub\Editor\2021.1.4f1\Editor\Data\Managed\UnityEngine\UnityEditor.UIElementsModule.dll), UnityEditor.UIElements.StyleSheets.StyleSheetImporter (assembly: C:\Program Files\Unity\Hub\Editor\2021.1.4f1\Editor\Data\Managed\UnityEngine\UnityEditor.UIElementsModule.dll) 
UnityEngine.StackTraceUtility:ExtractStackTrace ()
UnityEngine.DebugLogHandler:LogFormat (UnityEngine.LogType,UnityEngine.Object,string,object[])
UnityEngine.Logger:Log (UnityEngine.LogType,object)
UnityEngine.Debug:LogError (object)
UnityEditor.AssetImporters.ScriptedImporter:RegisterScriptedImporters ()

Multiple scripted importers are targeting the extension 'tss' and have all been rejected: UnityEditor.UIElements.StyleSheets.ThemeStyleSheetImporter (assembly: C:\Program Files\Unity\Hub\Editor\2021.1.4f1\Editor\Data\Managed\UnityEngine\UnityEditor.UIElementsModule.dll), UnityEditor.UIElements.StyleSheets.ThemeStyleSheetImporter (assembly: C:\Program Files\Unity\Hub\Editor\2021.1.4f1\Editor\Data\Managed\UnityEngine\UnityEditor.UIElementsModule.dll) 
UnityEngine.StackTraceUtility:ExtractStackTrace ()
UnityEngine.DebugLogHandler:LogFormat (UnityEngine.LogType,UnityEngine.Object,string,object[])
UnityEngine.Logger:Log (UnityEngine.LogType,object)
UnityEngine.Debug:LogError (object)
UnityEditor.AssetImporters.ScriptedImporter:RegisterScriptedImporters ()

Native extension for WindowsStandalone target not found
Refreshing native plugins compatible for Editor in 0.55 ms, found 0 plugins.
Preloading 0 native plugins for Editor in 0.00 ms.
ASSEMBLY OVERRIDES: * override found for Unity assembly UnityEngine.UIElementsModule.dll (override path Library/ScriptAssemblies/UnityEngine.UIElementsModule.dll)
ASSEMBLY OVERRIDES: * override found for Unity assembly UnityEditor.UIElementsModule.dll (override path Library/ScriptAssemblies/UnityEditor.UIElementsModule.dll)
FieldAccessException: Field `UnityEngine.UIElements.TextDelegates:ImportDefaultTextSettings' is inaccessible from method `UnityEditor.UIElements.Text.TextDelegates:InitializeDelegates ()'


FieldAccessException: Field `UnityEngine.UIElements.TextHandleFactory:CreateEditorHandle' is inaccessible from method `UnityEngine.UIElements.Text.TextCoreHandle:InjectTextCoreHandle ()'


FieldAccessException: Field `UnityEngine.UIElements.TextDelegates:GetFont' is inaccessible from method `UnityEngine.UIElements.Text.TextDelegates:InitializeDelegates ()'
  at UnityEngine.UIElements.Text.TextDelegates.EditorInitialization () [0x00000] in D:\Projetos\AndorinhaEsporte\Library\PackageCache\com.unity.ui@1.0.0-preview.14\Text\Delegates\TextDelegates.cs:38 

(Filename: Library/PackageCache/com.unity.ui@1.0.0-preview.14/Text/Delegates/TextDelegates.cs Line: 38)

UnityException: The MakeClientFunc has already been registered. Registration denied.
  at UnityEngine.UIElements.DragAndDropUtility.RegisterMakeClientFunc (System.Func`1[TResult] makeClient) [0x00017] in <6aef74cd6e9c4a708ea4a51c97de39d4>:0 
  at UnityEditor.UIElements.EditorDragAndDrop.RegisterEditorClient () [0x0000a] in <c23044a1d79146ae9e09271e58031064>:0 

UnityException: The MakeDropdownFunc has already been registered. Registration denied.
  at UnityEngine.UIElements.DropdownUtility.RegisterMakeDropdownFunc (System.Func`1[TResult] makeClient) [0x00017] in <6aef74cd6e9c4a708ea4a51c97de39d4>:0 
  at UnityEditor.UIElements.EditorMenuExtensions.RegisterEditorDropdown () [0x0000a] in <c23044a1d79146ae9e09271e58031064>:0 

ASSEMBLY OVERRIDES: * override found for Unity assembly UnityEngine.UIElementsModule.dll (override path Library/ScriptAssemblies/UnityEngine.UIElementsModule.dll)
ASSEMBLY OVERRIDES: * override found for Unity assembly UnityEditor.UIElementsModule.dll (override path Library/ScriptAssemblies/UnityEditor.UIElementsModule.dll)
Mono: successfully reloaded assembly
ArgumentException: An item with the same key has already been added. Key: UnityEditor.UIElements.EditorAtlasMonitorInjector
Parameter name: key
  at System.Collections.Generic.SortedList`2[TKey,TValue].Add (TKey key, TValue value) [0x00041] in <480201908ed94ddaa0561e2e6e0ddd4e>:0 
  at UnityEditor.AssetPostprocessingInternal.GetTextureProcessorsHashString () [0x000ae] in <cbc56ce48ec645d2beabdfed6b9ae8ee>:0 
UnityEngine.DebugLogHandler:Internal_LogException(Exception, Object)
UnityEngine.DebugLogHandler:LogException(Exception, Object)
UnityEngine.Logger:LogException(Exception, Object)
UnityEngine.Debug:LogException(Exception)
UnityEditor.AssetPostprocessingInternal:GetTextureProcessorsHashString()

- Completed reload, in  1.191 seconds
Platform modules already initialized, skipping
Shader 'Universal Render Pipeline/Particles/Lit': fallback shader 'Universal Render Pipeline/Particles/SimpleLit' not found
Refreshing native plugins compatible for Editor in 0.56 ms, found 0 plugins.
Preloading 0 native plugins for Editor in 0.00 ms.
Unloading 3175 Unused Serialized files (Serialized files now loaded: 0)
System memory in use before: 156.5 MB.
System memory in use after: 156.7 MB.

Unloading 7 unused Assets to reduce memory usage. Loaded Objects now: 3805.
Total: 3.613700 ms (FindLiveObjects: 0.236100 ms CreateObjectMapping: 0.130900 ms MarkObjects: 3.210800 ms  DeleteObjects: 0.034800 ms)

========================================================================
Received Import Request.
  Time since last request: 407.467499 seconds.
  path: Assets/Models/volleyball.blend
  artifactKey: Guid(3a66f1eed37994945b67ebc77055980c) Importer(815301076,1909f56bfc062723c751e8b465ee728b)
Start importing Assets/Models/volleyball.blend using Guid(3a66f1eed37994945b67ebc77055980c) Importer(815301076,1909f56bfc062723c751e8b465ee728b)  -> (artifact id: 'dadd981add0127f1216636ffa480c809') in 0.233369 seconds 
========================================================================
Received Import Request.
  Time since last request: 4.769951 seconds.
  path: Assets/Models/VolleyCourt_Export.blend
  artifactKey: Guid(81c1e4c9e1f669b4aa81597fbd2e3558) Importer(815301076,1909f56bfc062723c751e8b465ee728b)
Start importing Assets/Models/VolleyCourt_Export.blend using Guid(81c1e4c9e1f669b4aa81597fbd2e3558) Importer(815301076,1909f56bfc062723c751e8b465ee728b)  -> (artifact id: 'aab2e4ad0982906b3eccec4f7f67ea87') in 0.116334 seconds 
========================================================================
Received Import Request.
  Time since last request: 1.179645 seconds.
  path: Assets/Models/volleynet.blend
  artifactKey: Guid(5109b56014bf91e44951c570b4b0a2e3) Importer(815301076,1909f56bfc062723c751e8b465ee728b)
Start importing Assets/Models/volleynet.blend using Guid(5109b56014bf91e44951c570b4b0a2e3) Importer(815301076,1909f56bfc062723c751e8b465ee728b)  -> (artifact id: '5da9ce447ffe382d567e173669e0880c') in 0.164661 seconds 
========================================================================
Received Import Request.
  Time since last request: 129.790518 seconds.
  path: Assets/Models/dummy.blend
  artifactKey: Guid(70adf359a60dc2a418d0ae6746d51441) Importer(815301076,1909f56bfc062723c751e8b465ee728b)
Start importing Assets/Models/dummy.blend using Guid(70adf359a60dc2a418d0ae6746d51441) Importer(815301076,1909f56bfc062723c751e8b465ee728b)  -> (artifact id: '4c8ae3943c392fa56cabe9e344909e8a') in 0.131732 seconds 
========================================================================
Received Import Request.
  Time since last request: 109.808046 seconds.
  path: Assets/Prefabs/Ball.prefab
  artifactKey: Guid(bf426cdff9685f84fb4882cd5fdb29f2) Importer(815301076,1909f56bfc062723c751e8b465ee728b)
Start importing Assets/Prefabs/Ball.prefab using Guid(bf426cdff9685f84fb4882cd5fdb29f2) Importer(815301076,1909f56bfc062723c751e8b465ee728b)  -> (artifact id: 'e972d7d61be6b6fd6711e3b373fe2685') in 0.014424 seconds 
========================================================================
Received Prepare
Registering precompiled user dll's ...
Registered in 0.001211 seconds.
ASSEMBLY OVERRIDES: * override found for Unity assembly UnityEngine.UIElementsModule.dll (override path Library/ScriptAssemblies/UnityEngine.UIElementsModule.dll)
ASSEMBLY OVERRIDES: * override found for Unity assembly UnityEditor.UIElementsModule.dll (override path Library/ScriptAssemblies/UnityEditor.UIElementsModule.dll)
Begin MonoManager ReloadAssembly
Symbol file LoadedFromMemory is not a mono symbol file
Multiple scripted importers are targeting the extension 'uxml' and have all been rejected: UnityEditor.UIElements.UIElementsViewImporter (assembly: C:\Program Files\Unity\Hub\Editor\2021.1.4f1\Editor\Data\Managed\UnityEngine\UnityEditor.UIElementsModule.dll), UnityEditor.UIElements.UIElementsViewImporter (assembly: C:\Program Files\Unity\Hub\Editor\2021.1.4f1\Editor\Data\Managed\UnityEngine\UnityEditor.UIElementsModule.dll) 
UnityEngine.StackTraceUtility:ExtractStackTrace ()
UnityEngine.DebugLogHandler:LogFormat (UnityEngine.LogType,UnityEngine.Object,string,object[])
UnityEngine.Logger:Log (UnityEngine.LogType,object)
UnityEngine.Debug:LogError (object)
UnityEditor.AssetImporters.ScriptedImporter:RegisterScriptedImporters ()

Multiple scripted importers are targeting the extension 'uss' and have all been rejected: UnityEditor.UIElements.StyleSheets.StyleSheetImporter (assembly: C:\Program Files\Unity\Hub\Editor\2021.1.4f1\Editor\Data\Managed\UnityEngine\UnityEditor.UIElementsModule.dll), UnityEditor.UIElements.StyleSheets.StyleSheetImporter (assembly: C:\Program Files\Unity\Hub\Editor\2021.1.4f1\Editor\Data\Managed\UnityEngine\UnityEditor.UIElementsModule.dll) 
UnityEngine.StackTraceUtility:ExtractStackTrace ()
UnityEngine.DebugLogHandler:LogFormat (UnityEngine.LogType,UnityEngine.Object,string,object[])
UnityEngine.Logger:Log (UnityEngine.LogType,object)
UnityEngine.Debug:LogError (object)
UnityEditor.AssetImporters.ScriptedImporter:RegisterScriptedImporters ()

Multiple scripted importers are targeting the extension 'tss' and have all been rejected: UnityEditor.UIElements.StyleSheets.ThemeStyleSheetImporter (assembly: C:\Program Files\Unity\Hub\Editor\2021.1.4f1\Editor\Data\Managed\UnityEngine\UnityEditor.UIElementsModule.dll), UnityEditor.UIElements.StyleSheets.ThemeStyleSheetImporter (assembly: C:\Program Files\Unity\Hub\Editor\2021.1.4f1\Editor\Data\Managed\UnityEngine\UnityEditor.UIElementsModule.dll) 
UnityEngine.StackTraceUtility:ExtractStackTrace ()
UnityEngine.DebugLogHandler:LogFormat (UnityEngine.LogType,UnityEngine.Object,string,object[])
UnityEngine.Logger:Log (UnityEngine.LogType,object)
UnityEngine.Debug:LogError (object)
UnityEditor.AssetImporters.ScriptedImporter:RegisterScriptedImporters ()

Native extension for WindowsStandalone target not found
Refreshing native plugins compatible for Editor in 0.62 ms, found 0 plugins.
Preloading 0 native plugins for Editor in 0.00 ms.
ASSEMBLY OVERRIDES: * override found for Unity assembly UnityEngine.UIElementsModule.dll (override path Library/ScriptAssemblies/UnityEngine.UIElementsModule.dll)
ASSEMBLY OVERRIDES: * override found for Unity assembly UnityEditor.UIElementsModule.dll (override path Library/ScriptAssemblies/UnityEditor.UIElementsModule.dll)
FieldAccessException: Field `UnityEngine.UIElements.TextDelegates:ImportDefaultTextSettings' is inaccessible from method `UnityEditor.UIElements.Text.TextDelegates:InitializeDelegates ()'


FieldAccessException: Field `UnityEngine.UIElements.TextHandleFactory:CreateEditorHandle' is inaccessible from method `UnityEngine.UIElements.Text.TextCoreHandle:InjectTextCoreHandle ()'


FieldAccessException: Field `UnityEngine.UIElements.TextDelegates:GetFont' is inaccessible from method `UnityEngine.UIElements.Text.TextDelegates:InitializeDelegates ()'
  at UnityEngine.UIElements.Text.TextDelegates.EditorInitialization () [0x00000] in D:\Projetos\AndorinhaEsporte\Library\PackageCache\com.unity.ui@1.0.0-preview.14\Text\Delegates\TextDelegates.cs:38 

(Filename: Library/PackageCache/com.unity.ui@1.0.0-preview.14/Text/Delegates/TextDelegates.cs Line: 38)

UnityException: The MakeClientFunc has already been registered. Registration denied.
  at UnityEngine.UIElements.DragAndDropUtility.RegisterMakeClientFunc (System.Func`1[TResult] makeClient) [0x00017] in <6aef74cd6e9c4a708ea4a51c97de39d4>:0 
  at UnityEditor.UIElements.EditorDragAndDrop.RegisterEditorClient () [0x0000a] in <c23044a1d79146ae9e09271e58031064>:0 

UnityException: The MakeDropdownFunc has already been registered. Registration denied.
  at UnityEngine.UIElements.DropdownUtility.RegisterMakeDropdownFunc (System.Func`1[TResult] makeClient) [0x00017] in <6aef74cd6e9c4a708ea4a51c97de39d4>:0 
  at UnityEditor.UIElements.EditorMenuExtensions.RegisterEditorDropdown () [0x0000a] in <c23044a1d79146ae9e09271e58031064>:0 

ASSEMBLY OVERRIDES: * override found for Unity assembly UnityEngine.UIElementsModule.dll (override path Library/ScriptAssemblies/UnityEngine.UIElementsModule.dll)
ASSEMBLY OVERRIDES: * override found for Unity assembly UnityEditor.UIElementsModule.dll (override path Library/ScriptAssemblies/UnityEditor.UIElementsModule.dll)
Mono: successfully reloaded assembly
ArgumentException: An item with the same key has already been added. Key: UnityEditor.UIElements.EditorAtlasMonitorInjector
Parameter name: key
  at System.Collections.Generic.SortedList`2[TKey,TValue].Add (TKey key, TValue value) [0x00041] in <480201908ed94ddaa0561e2e6e0ddd4e>:0 
  at UnityEditor.AssetPostprocessingInternal.GetTextureProcessorsHashString () [0x000ae] in <cbc56ce48ec645d2beabdfed6b9ae8ee>:0 
UnityEngine.DebugLogHandler:Internal_LogException(Exception, Object)
UnityEngine.DebugLogHandler:LogException(Exception, Object)
UnityEngine.Logger:LogException(Exception, Object)
UnityEngine.Debug:LogException(Exception)
UnityEditor.AssetPostprocessingInternal:GetTextureProcessorsHashString()

- Completed reload, in  1.167 seconds
Platform modules already initialized, skipping
Shader 'Universal Render Pipeline/Particles/Lit': fallback shader 'Universal Render Pipeline/Particles/SimpleLit' not found
Refreshing native plugins compatible for Editor in 0.56 ms, found 0 plugins.
Preloading 0 native plugins for Editor in 0.00 ms.
Unloading 3175 Unused Serialized files (Serialized files now loaded: 0)
System memory in use before: 156.7 MB.
System memory in use after: 157.0 MB.

Unloading 6 unused Assets to reduce memory usage. Loaded Objects now: 3844.
Total: 2.825700 ms (FindLiveObjects: 0.241800 ms CreateObjectMapping: 0.132700 ms MarkObjects: 2.415500 ms  DeleteObjects: 0.034600 ms)

AssetImportWorkerClient::OnTransportError - code=2 error=End of file
